Arguments: 
  /Users/emilioandere/.nvm/versions/node/v16.14.2/bin/node /opt/homebrew/bin/yarn add @solana/web3.js @metaplex-foundatio

PATH: 
  /Users/emilioandere/.local/bin:/Users/emilioandere/.nvm/versions/node/v16.14.2/bin:/Users/emilioandere/.cargo/bin:/opt/homebrew/bin:/Applications/Sublime Text.app/Contents/SharedSupport/bin:/Users/emilioandere/.local/share/solana/install/active_release/bin:/Applications/Sublime Text.app/Contents/SharedSupport/bin:/Applications/Sublime Text.app/Contents/SharedSupport/bin:/Applications/Sublime Text.app/Contents/SharedSupport/bin:/opt/homebrew/bin:/opt/homebrew/sbin:/usr/local/bin:/usr/local/sbin:/System/Cryptexes/App/usr/bin:/usr/bin:/bin:/usr/sbin:/sbin:/usr/local/go/bin:/Library/Apple/usr/bin:/Users/emilioandere/.cabal/bin:/Users/emilioandere/.ghcup/bin:/Users/emilioandere/.local/bin:/Users/emilioandere/.nvm/versions/node/v16.14.2/bin:/Users/emilioandere/.cargo/bin:/opt/homebrew/bin:/Applications/Sublime Text.app/Contents/SharedSupport/bin:/Users/emilioandere/.local/share/solana/install/active_release/bin:/opt/homebrew/sbin

Yarn version: 
  1.22.18

Node version: 
  16.14.2

Platform: 
  darwin arm64

Trace: 
  Error: https://registry.yarnpkg.com/@metaplex-foundatio: Request "https://registry.yarnpkg.com/@metaplex-foundatio" returned a 405
      at Request.params.callback [as _callback] (/opt/homebrew/lib/node_modules/yarn/lib/cli.js:66147:18)
      at Request.self.callback (/opt/homebrew/lib/node_modules/yarn/lib/cli.js:140883:22)
      at Request.emit (node:events:526:28)
      at Request.<anonymous> (/opt/homebrew/lib/node_modules/yarn/lib/cli.js:141855:10)
      at Request.emit (node:events:526:28)
      at IncomingMessage.<anonymous> (/opt/homebrew/lib/node_modules/yarn/lib/cli.js:141777:12)
      at Object.onceWrapper (node:events:645:28)
      at IncomingMessage.emit (node:events:538:35)
      at endReadableNT (node:internal/streams/readable:1345:12)
      at processTicksAndRejections (node:internal/process/task_queues:83:21)

npm manifest: 
  {
    "name": "add_xp_nft",
    "version": "1.0.0",
    "description": "Add XP to pNFTs",
    "main": "index.js",
    "scripts": {
      "test": "echo \"Error: no test specified\" && exit 1"
    },
    "author": "",
    "license": "ISC"
  }

yarn manifest: 
  No manifest

Lockfile: 
  No lockfile
